<?xml version="1.0" encoding="UTF-8"?>
<!-- Generated by org.testng.reporters.JUnitReportReporter -->
<testsuite hostname="DESKTOP-GNIV0G0" failures="0" tests="3" name="com.qa.testcases.HomePageTest" time="77.173" errors="0" timestamp="2023-03-30T18:46:14 IST" skipped="0">
  <testcase classname="com.qa.testcases.HomePageTest" name="verifyHomePageTitleTest" time="23.565"/>
  <system-out/>
  <testcase classname="com.qa.testcases.HomePageTest" name="verifyUserNameTest" time="24.116"/>
  <system-out/>
  <testcase classname="com.qa.testcases.HomePageTest" name="verifyContactsLinkTest" time="29.492"/>
  <system-out/>
</testsuite> <!-- com.qa.testcases.HomePageTest -->
