<?xml version="1.0" encoding="UTF-8"?>
<!-- Generated by org.testng.reporters.JUnitReportReporter -->
<testsuite hostname="DESKTOP-GNIV0G0" failures="0" tests="1" name="com.qa.testcases.ContactsPageTest" time="28.675" errors="0" timestamp="2023-03-30T17:39:02 IST" skipped="0">
  <testcase classname="com.qa.testcases.ContactsPageTest" name="verifyContactsPageLabelTest" time="28.675"/>
  <system-out/>
</testsuite> <!-- com.qa.testcases.ContactsPageTest -->
