<?xml version="1.0" encoding="UTF-8"?>
<!-- Generated by org.testng.reporters.JUnitReportReporter -->
<testsuite hostname="DESKTOP-GNIV0G0" failures="0" tests="3" name="com.qa.testcases.HomePageTest" time="99.537" errors="0" timestamp="2023-03-31T00:31:41 IST" skipped="0">
  <testcase classname="com.qa.testcases.HomePageTest" name="verifyHomePageTitleTest" time="24.454"/>
  <system-out/>
  <testcase classname="com.qa.testcases.HomePageTest" name="verifyUserNameTest" time="23.664"/>
  <system-out/>
  <testcase classname="com.qa.testcases.HomePageTest" name="verifyContactsLinkTest" time="51.419"/>
  <system-out/>
</testsuite> <!-- com.qa.testcases.HomePageTest -->
