<?xml version="1.0" encoding="UTF-8"?>
<!-- Generated by org.testng.reporters.JUnitReportReporter -->
<testsuite hostname="DESKTOP-GNIV0G0" failures="0" tests="6" name="com.qa.testcases.ContactsPageTest" time="225.113" errors="0" timestamp="2023-03-31T00:31:41 IST" skipped="0">
  <testcase classname="com.qa.testcases.ContactsPageTest" name="verifyContactsPageLabelTest" time="52.804"/>
  <system-out/>
  <testcase classname="com.qa.testcases.ContactsPageTest" name="selectSingleContactsTest" time="27.414"/>
  <system-out/>
  <testcase classname="com.qa.testcases.ContactsPageTest" name="selectMultipleContactsTest" time="27.947"/>
  <system-out/>
  <testcase classname="com.qa.testcases.ContactsPageTest" name="validateNewContact" time="39.409"/>
  <system-out/>
  <testcase classname="com.qa.testcases.ContactsPageTest" name="validateNewContact" time="38.606"/>
  <system-out/>
  <testcase classname="com.qa.testcases.ContactsPageTest" name="validateNewContact" time="38.933"/>
  <system-out/>
</testsuite> <!-- com.qa.testcases.ContactsPageTest -->
