<?xml version="1.0" encoding="UTF-8"?>
<!-- Generated by org.testng.reporters.JUnitReportReporter -->
<testsuite hostname="DESKTOP-GNIV0G0" failures="0" tests="3" name="com.qa.testcases.LoginPageTest" time="48.057" errors="0" timestamp="2023-03-31T00:31:41 IST" skipped="0">
  <testcase classname="com.qa.testcases.LoginPageTest" name="loginPageTitleTest" time="10.851"/>
  <system-out/>
  <testcase classname="com.qa.testcases.LoginPageTest" name="crmLogoImageTest" time="11.406"/>
  <system-out/>
  <testcase classname="com.qa.testcases.LoginPageTest" name="loginTest" time="25.800"/>
  <system-out/>
</testsuite> <!-- com.qa.testcases.LoginPageTest -->
